2024-10-22 15:06:41 DEBUG TestNG:82 - suiteXmlPath: "C:\Users\Joseph Giduthuri\eclipse-workspace\opencartV1\master.xml"
2024-10-22 15:06:41 INFO  AccountCreationTest:48 - Starting setup process...
2024-10-22 15:06:41 INFO  AccountCreationTest:49 - Browser: chrome
2024-10-22 15:06:41 INFO  AccountCreationTest:52 - Loading configuration properties...
2024-10-22 15:06:41 INFO  AccountCreationTest:56 - Configuration properties loaded successfully.
2024-10-22 15:06:41 INFO  AccountCreationTest:68 - Operating system set to Windows 11
2024-10-22 15:06:41 INFO  AccountCreationTest:81 - Browser set to Chrome
2024-10-22 15:07:28 DEBUG TestNG:82 - suiteXmlPath: "C:\Users\Joseph Giduthuri\eclipse-workspace\opencartV1\master.xml"
2024-10-22 15:07:28 INFO  AccountCreationTest:48 - Starting setup process...
2024-10-22 15:07:28 INFO  AccountCreationTest:49 - Browser: chrome
2024-10-22 15:07:28 INFO  AccountCreationTest:52 - Loading configuration properties...
2024-10-22 15:07:28 INFO  AccountCreationTest:56 - Configuration properties loaded successfully.
2024-10-22 15:07:28 WARN  AccountCreationTest:100 - Execution environment is not set to remote.
2024-10-22 15:07:28 INFO  AccountCreationTest:104 - Initializing WebDriver for browser: chrome
2024-10-22 15:07:32 INFO  AccountCreationTest:16 - -----Account Registration Started-----
2024-10-22 15:07:32 INFO  AccountCreationTest:20 - -------Test Case Started with click on Account Link-------
2024-10-22 15:07:32 INFO  AccountCreationTest:22 - -------click on Register Link-------
2024-10-22 15:07:33 INFO  AccountCreationTest:32 - -------Registration page details filled-------
2024-10-22 15:07:35 INFO  AccountCreationTest:34 - -------Click on Continue in registration and validating confirmation message-------
2024-10-22 15:07:35 INFO  AccountCreationTest:36 - -------****Confirmation Message Page****--------
2024-10-22 15:07:35 INFO  AccountCreationTest:155 - WebDriver instance quit successfully.
2024-10-22 15:24:31 DEBUG TestNG:82 - suiteXmlPath: "C:\Users\Joseph Giduthuri\eclipse-workspace\opencartV1\master.xml"
2024-10-22 15:24:32 INFO  AccountCreationTest:48 - Starting setup process...
2024-10-22 15:24:32 INFO  AccountCreationTest:49 - Browser: chrome
2024-10-22 15:24:32 INFO  AccountCreationTest:52 - Loading configuration properties...
2024-10-22 15:24:32 INFO  AccountCreationTest:56 - Configuration properties loaded successfully.
2024-10-22 15:24:32 WARN  AccountCreationTest:100 - Execution environment is not set to remote.
2024-10-22 15:24:32 INFO  AccountCreationTest:104 - Initializing WebDriver for browser: chrome
2024-10-22 15:24:34 INFO  AccountCreationTest:16 - -----Account Registration Started-----
2024-10-22 15:24:34 INFO  AccountCreationTest:20 - -------Test Case Started with click on Account Link-------
2024-10-22 15:24:34 INFO  AccountCreationTest:22 - -------click on Register Link-------
2024-10-22 15:24:35 INFO  AccountCreationTest:32 - -------Registration page details filled-------
2024-10-22 15:24:37 INFO  AccountCreationTest:34 - -------Click on Continue in registration and validating confirmation message-------
2024-10-22 15:24:37 INFO  AccountCreationTest:36 - -------****Confirmation Message Page****--------
2024-10-22 15:24:37 INFO  AccountCreationTest:155 - WebDriver instance quit successfully.
2024-10-22 15:32:27 DEBUG TestNG:82 - suiteXmlPath: "C:\Users\Joseph Giduthuri\eclipse-workspace\opencartV1\master.xml"
2024-10-22 15:32:27 INFO  AccountCreationTest:48 - Starting setup process...
2024-10-22 15:32:27 INFO  AccountCreationTest:49 - Browser: chrome
2024-10-22 15:32:27 INFO  AccountCreationTest:52 - Loading configuration properties...
2024-10-22 15:32:27 INFO  AccountCreationTest:56 - Configuration properties loaded successfully.
2024-10-22 15:32:27 WARN  AccountCreationTest:100 - Execution environment is not set to remote.
2024-10-22 15:32:27 INFO  AccountCreationTest:104 - Initializing WebDriver for browser: chrome
2024-10-22 15:32:30 INFO  AccountCreationTest:16 - -----Account Registration Started-----
2024-10-22 15:32:30 INFO  AccountCreationTest:20 - -------Test Case Started with click on Account Link-------
2024-10-22 15:32:30 INFO  AccountCreationTest:22 - -------click on Register Link-------
2024-10-22 15:32:30 INFO  AccountCreationTest:32 - -------Registration page details filled-------
2024-10-22 15:32:33 INFO  AccountCreationTest:34 - -------Click on Continue in registration and validating confirmation message-------
2024-10-22 15:32:33 INFO  AccountCreationTest:36 - -------****Confirmation Message Page****--------
2024-10-22 15:32:33 INFO  AccountCreationTest:155 - WebDriver instance quit successfully.
